2026-03-25 13:59:17,822 | INFO  | LiveServerless:2ebo7y69uk12fk | API /run
2026-03-25 13:59:18,298 | INFO  | LiveServerless:2ebo7y69uk12fk | Started Job:f2888924-6579-4540-bf71-cb43509d4efd-u2
2026-03-25 13:59:18,394 | INFO  | Job:f2888924-6579-4540-bf71-cb43509d4efd-u2 | Status: IN_QUEUE
2026-03-25 13:59:18,895 | INFO  | Job:f2888924-6579-4540-bf71-cb43509d4efd-u2 | .
2026-03-25 13:59:20,454 | INFO  | Job:f2888924-6579-4540-bf71-cb43509d4efd-u2 | ..
2026-03-25 13:59:25,989 | INFO  | Job:f2888924-6579-4540-bf71-cb43509d4efd-u2 | ...
2026-03-25 13:59:39,868 | INFO  | Job:f2888924-6579-4540-bf71-cb43509d4efd-u2 | ....
2026-03-25 14:00:01,936 | INFO  | Job:f2888924-6579-4540-bf71-cb43509d4efd-u2 | .....
2026-03-25 14:00:22,895 | INFO  | Job:f2888924-6579-4540-bf71-cb43509d4efd-u2 | ......
2026-03-25 14:00:40,661 | INFO  | Job:f2888924-6579-4540-bf71-cb43509d4efd-u2 | .......
2026-03-25 14:01:03,032 | INFO  | Job:f2888924-6579-4540-bf71-cb43509d4efd-u2 | ........
2026-03-25 14:01:24,046 | INFO  | Job:f2888924-6579-4540-bf71-cb43509d4efd-u2 | .........
2026-03-25 14:01:43,240 | INFO  | Job:f2888924-6579-4540-bf71-cb43509d4efd-u2 | ..........
2026-03-25 14:02:04,479 | INFO  | Job:f2888924-6579-4540-bf71-cb43509d4efd-u2 | ...........
2026-03-25 14:02:24,350 | INFO  | Job:f2888924-6579-4540-bf71-cb43509d4efd-u2 | ............
2026-03-25 14:02:41,112 | INFO  | Job:f2888924-6579-4540-bf71-cb43509d4efd-u2 | .............
2026-03-25 14:03:02,580 | INFO  | Job:f2888924-6579-4540-bf71-cb43509d4efd-u2 | ..............
2026-03-25 14:03:22,759 | INFO  | Job:f2888924-6579-4540-bf71-cb43509d4efd-u2 | ...............
2026-03-25 14:03:39,487 | INFO  | Job:f2888924-6579-4540-bf71-cb43509d4efd-u2 | ................
2026-03-25 14:03:57,717 | INFO  | Job:f2888924-6579-4540-bf71-cb43509d4efd-u2 | .................
2026-03-25 14:04:19,202 | INFO  | Job:f2888924-6579-4540-bf71-cb43509d4efd-u2 | ..................
2026-03-25 14:04:40,791 | INFO  | LiveServerless:a6womtom62zfnl | API /run
2026-03-25 14:04:41,084 | INFO  | LiveServerless:a6womtom62zfnl | Started Job:92be7250-c0a7-4664-b7f7-6259e870cfd8-u1
2026-03-25 14:04:41,192 | INFO  | Job:92be7250-c0a7-4664-b7f7-6259e870cfd8-u1 | Status: IN_QUEUE
2026-03-25 14:04:41,725 | INFO  | Job:92be7250-c0a7-4664-b7f7-6259e870cfd8-u1 | .
2026-03-25 14:04:43,425 | INFO  | Job:92be7250-c0a7-4664-b7f7-6259e870cfd8-u1 | ..
2026-03-25 14:04:48,214 | INFO  | Job:92be7250-c0a7-4664-b7f7-6259e870cfd8-u1 | ...
2026-03-25 14:05:02,633 | INFO  | Job:92be7250-c0a7-4664-b7f7-6259e870cfd8-u1 | ....
2026-03-25 14:05:23,370 | INFO  | Job:92be7250-c0a7-4664-b7f7-6259e870cfd8-u1 | .....
2026-03-25 14:05:44,185 | INFO  | Job:92be7250-c0a7-4664-b7f7-6259e870cfd8-u1 | ......
2026-03-25 14:06:04,303 | INFO  | Job:92be7250-c0a7-4664-b7f7-6259e870cfd8-u1 | .......
2026-03-25 14:06:23,361 | INFO  | Job:92be7250-c0a7-4664-b7f7-6259e870cfd8-u1 | ........
2026-03-25 14:06:43,552 | INFO  | Job:92be7250-c0a7-4664-b7f7-6259e870cfd8-u1 | .........
2026-03-25 14:06:53,566 | INFO  | Job:92be7250-c0a7-4664-b7f7-6259e870cfd8-u1 | Status: FAILED
2026-03-25 14:06:53,664 | INFO  | Worker:cxzre2hm33ptky | Delay Time: 124080 ms
2026-03-25 14:06:53,664 | INFO  | Worker:cxzre2hm33ptky | Execution Time: 1517 ms
2026-03-25 14:07:33,021 | INFO  | LiveServerless:p5imdqv748woys | API /run
2026-03-25 14:07:33,301 | INFO  | LiveServerless:p5imdqv748woys | Started Job:2d51b4e0-6f37-41d8-878f-c4956b07225c-u1
2026-03-25 14:07:33,424 | INFO  | Job:2d51b4e0-6f37-41d8-878f-c4956b07225c-u1 | Status: IN_QUEUE
2026-03-25 14:07:33,953 | INFO  | Job:2d51b4e0-6f37-41d8-878f-c4956b07225c-u1 | .
2026-03-25 14:07:35,429 | INFO  | Job:2d51b4e0-6f37-41d8-878f-c4956b07225c-u1 | ..
2026-03-25 14:07:40,308 | INFO  | Job:2d51b4e0-6f37-41d8-878f-c4956b07225c-u1 | ...
2026-03-25 14:07:57,278 | INFO  | Job:2d51b4e0-6f37-41d8-878f-c4956b07225c-u1 | ....
2026-03-25 14:08:19,761 | INFO  | Job:2d51b4e0-6f37-41d8-878f-c4956b07225c-u1 | .....
2026-03-25 14:08:38,757 | INFO  | Job:2d51b4e0-6f37-41d8-878f-c4956b07225c-u1 | ......
2026-03-25 14:09:01,117 | INFO  | Job:2d51b4e0-6f37-41d8-878f-c4956b07225c-u1 | .......
2026-03-25 14:09:20,872 | INFO  | Job:2d51b4e0-6f37-41d8-878f-c4956b07225c-u1 | ........
